Start testing: Sep 02 12:40 -03
----------------------------------------------------------
1/15 Testing: Contacts.email
1/15 Test: Contacts.email
Command: "/data/data/com.termux/files/home/dev/Agenda/build/test/test_datas" "--gtest_filter=Contacts.email" "--gtest_also_run_disabled_tests"
Directory: /data/data/com.termux/files/home/dev/Agenda/build/test
"Contacts.email" start time: Sep 02 12:40 -03
Output:
----------------------------------------------------------
Running main() from /home/builder/.termux-build/googletest/src/googletest/src/gtest_main.cc
Note: Google Test filter = Contacts.email
[==========] Running 1 test from 1 test suite.
[----------] Global test environment set-up.
[----------] 1 test from Contacts
[ RUN      ] Contacts.email
[       OK ] Contacts.email (0 ms)
[----------] 1 test from Contacts (0 ms total)

[----------] Global test environment tear-down
[==========] 1 test from 1 test suite ran. (0 ms total)
[  PASSED  ] 1 test.
<end of output>
Test time =   0.01 sec
----------------------------------------------------------
Test Passed.
"Contacts.email" end time: Sep 02 12:40 -03
"Contacts.email" time elapsed: 00:00:00
----------------------------------------------------------

2/15 Testing: Contacts.telephone
2/15 Test: Contacts.telephone
Command: "/data/data/com.termux/files/home/dev/Agenda/build/test/test_datas" "--gtest_filter=Contacts.telephone" "--gtest_also_run_disabled_tests"
Directory: /data/data/com.termux/files/home/dev/Agenda/build/test
"Contacts.telephone" start time: Sep 02 12:40 -03
Output:
----------------------------------------------------------
Running main() from /home/builder/.termux-build/googletest/src/googletest/src/gtest_main.cc
Note: Google Test filter = Contacts.telephone
[==========] Running 1 test from 1 test suite.
[----------] Global test environment set-up.
[----------] 1 test from Contacts
[ RUN      ] Contacts.telephone
[       OK ] Contacts.telephone (0 ms)
[----------] 1 test from Contacts (0 ms total)

[----------] Global test environment tear-down
[==========] 1 test from 1 test suite ran. (0 ms total)
[  PASSED  ] 1 test.
<end of output>
Test time =   0.01 sec
----------------------------------------------------------
Test Passed.
"Contacts.telephone" end time: Sep 02 12:40 -03
"Contacts.telephone" time elapsed: 00:00:00
----------------------------------------------------------

3/15 Testing: Contacts.first_name
3/15 Test: Contacts.first_name
Command: "/data/data/com.termux/files/home/dev/Agenda/build/test/test_datas" "--gtest_filter=Contacts.first_name" "--gtest_also_run_disabled_tests"
Directory: /data/data/com.termux/files/home/dev/Agenda/build/test
"Contacts.first_name" start time: Sep 02 12:40 -03
Output:
----------------------------------------------------------
Running main() from /home/builder/.termux-build/googletest/src/googletest/src/gtest_main.cc
Note: Google Test filter = Contacts.first_name
[==========] Running 1 test from 1 test suite.
[----------] Global test environment set-up.
[----------] 1 test from Contacts
[ RUN      ] Contacts.first_name
[       OK ] Contacts.first_name (0 ms)
[----------] 1 test from Contacts (0 ms total)

[----------] Global test environment tear-down
[==========] 1 test from 1 test suite ran. (0 ms total)
[  PASSED  ] 1 test.
<end of output>
Test time =   0.01 sec
----------------------------------------------------------
Test Passed.
"Contacts.first_name" end time: Sep 02 12:40 -03
"Contacts.first_name" time elapsed: 00:00:00
----------------------------------------------------------

4/15 Testing: Contacts.no_surname
4/15 Test: Contacts.no_surname
Command: "/data/data/com.termux/files/home/dev/Agenda/build/test/test_datas" "--gtest_filter=Contacts.no_surname" "--gtest_also_run_disabled_tests"
Directory: /data/data/com.termux/files/home/dev/Agenda/build/test
"Contacts.no_surname" start time: Sep 02 12:40 -03
Output:
----------------------------------------------------------
Running main() from /home/builder/.termux-build/googletest/src/googletest/src/gtest_main.cc
Note: Google Test filter = Contacts.no_surname
[==========] Running 1 test from 1 test suite.
[----------] Global test environment set-up.
[----------] 1 test from Contacts
[ RUN      ] Contacts.no_surname
[       OK ] Contacts.no_surname (0 ms)
[----------] 1 test from Contacts (0 ms total)

[----------] Global test environment tear-down
[==========] 1 test from 1 test suite ran. (0 ms total)
[  PASSED  ] 1 test.
<end of output>
Test time =   0.01 sec
----------------------------------------------------------
Test Passed.
"Contacts.no_surname" end time: Sep 02 12:40 -03
"Contacts.no_surname" time elapsed: 00:00:00
----------------------------------------------------------

5/15 Testing: Contacts.last_name
5/15 Test: Contacts.last_name
Command: "/data/data/com.termux/files/home/dev/Agenda/build/test/test_datas" "--gtest_filter=Contacts.last_name" "--gtest_also_run_disabled_tests"
Directory: /data/data/com.termux/files/home/dev/Agenda/build/test
"Contacts.last_name" start time: Sep 02 12:40 -03
Output:
----------------------------------------------------------
Running main() from /home/builder/.termux-build/googletest/src/googletest/src/gtest_main.cc
Note: Google Test filter = Contacts.last_name
[==========] Running 1 test from 1 test suite.
[----------] Global test environment set-up.
[----------] 1 test from Contacts
[ RUN      ] Contacts.last_name
[       OK ] Contacts.last_name (0 ms)
[----------] 1 test from Contacts (0 ms total)

[----------] Global test environment tear-down
[==========] 1 test from 1 test suite ran. (0 ms total)
[  PASSED  ] 1 test.
<end of output>
Test time =   0.01 sec
----------------------------------------------------------
Test Passed.
"Contacts.last_name" end time: Sep 02 12:40 -03
"Contacts.last_name" time elapsed: 00:00:00
----------------------------------------------------------

6/15 Testing: Contacts.full_name
6/15 Test: Contacts.full_name
Command: "/data/data/com.termux/files/home/dev/Agenda/build/test/test_datas" "--gtest_filter=Contacts.full_name" "--gtest_also_run_disabled_tests"
Directory: /data/data/com.termux/files/home/dev/Agenda/build/test
"Contacts.full_name" start time: Sep 02 12:40 -03
Output:
----------------------------------------------------------
Running main() from /home/builder/.termux-build/googletest/src/googletest/src/gtest_main.cc
Note: Google Test filter = Contacts.full_name
[==========] Running 1 test from 1 test suite.
[----------] Global test environment set-up.
[----------] 1 test from Contacts
[ RUN      ] Contacts.full_name
[       OK ] Contacts.full_name (0 ms)
[----------] 1 test from Contacts (0 ms total)

[----------] Global test environment tear-down
[==========] 1 test from 1 test suite ran. (0 ms total)
[  PASSED  ] 1 test.
<end of output>
Test time =   0.01 sec
----------------------------------------------------------
Test Passed.
"Contacts.full_name" end time: Sep 02 12:40 -03
"Contacts.full_name" time elapsed: 00:00:00
----------------------------------------------------------

7/15 Testing: Notes.compare
7/15 Test: Notes.compare
Command: "/data/data/com.termux/files/home/dev/Agenda/build/test/test_datas" "--gtest_filter=Notes.compare" "--gtest_also_run_disabled_tests"
Directory: /data/data/com.termux/files/home/dev/Agenda/build/test
"Notes.compare" start time: Sep 02 12:40 -03
Output:
----------------------------------------------------------
Running main() from /home/builder/.termux-build/googletest/src/googletest/src/gtest_main.cc
Note: Google Test filter = Notes.compare
[==========] Running 1 test from 1 test suite.
[----------] Global test environment set-up.
[----------] 1 test from Notes
[ RUN      ] Notes.compare
[       OK ] Notes.compare (0 ms)
[----------] 1 test from Notes (0 ms total)

[----------] Global test environment tear-down
[==========] 1 test from 1 test suite ran. (0 ms total)
[  PASSED  ] 1 test.
<end of output>
Test time =   0.01 sec
----------------------------------------------------------
Test Passed.
"Notes.compare" end time: Sep 02 12:40 -03
"Notes.compare" time elapsed: 00:00:00
----------------------------------------------------------

8/15 Testing: Notes.edit
8/15 Test: Notes.edit
Command: "/data/data/com.termux/files/home/dev/Agenda/build/test/test_datas" "--gtest_filter=Notes.edit" "--gtest_also_run_disabled_tests"
Directory: /data/data/com.termux/files/home/dev/Agenda/build/test
"Notes.edit" start time: Sep 02 12:40 -03
Output:
----------------------------------------------------------
Running main() from /home/builder/.termux-build/googletest/src/googletest/src/gtest_main.cc
Note: Google Test filter = Notes.edit
[==========] Running 1 test from 1 test suite.
[----------] Global test environment set-up.
[----------] 1 test from Notes
[ RUN      ] Notes.edit
[       OK ] Notes.edit (0 ms)
[----------] 1 test from Notes (0 ms total)

[----------] Global test environment tear-down
[==========] 1 test from 1 test suite ran. (0 ms total)
[  PASSED  ] 1 test.
<end of output>
Test time =   0.01 sec
----------------------------------------------------------
Test Passed.
"Notes.edit" end time: Sep 02 12:40 -03
"Notes.edit" time elapsed: 00:00:00
----------------------------------------------------------

9/15 Testing: Notes.find
9/15 Test: Notes.find
Command: "/data/data/com.termux/files/home/dev/Agenda/build/test/test_datas" "--gtest_filter=Notes.find" "--gtest_also_run_disabled_tests"
Directory: /data/data/com.termux/files/home/dev/Agenda/build/test
"Notes.find" start time: Sep 02 12:40 -03
Output:
----------------------------------------------------------
Running main() from /home/builder/.termux-build/googletest/src/googletest/src/gtest_main.cc
Note: Google Test filter = Notes.find
[==========] Running 1 test from 1 test suite.
[----------] Global test environment set-up.
[----------] 1 test from Notes
[ RUN      ] Notes.find
[       OK ] Notes.find (0 ms)
[----------] 1 test from Notes (0 ms total)

[----------] Global test environment tear-down
[==========] 1 test from 1 test suite ran. (0 ms total)
[  PASSED  ] 1 test.
<end of output>
Test time =   0.01 sec
----------------------------------------------------------
Test Passed.
"Notes.find" end time: Sep 02 12:40 -03
"Notes.find" time elapsed: 00:00:00
----------------------------------------------------------

10/15 Testing: Book.size
10/15 Test: Book.size
Command: "/data/data/com.termux/files/home/dev/Agenda/build/test/test_datas" "--gtest_filter=Book.size" "--gtest_also_run_disabled_tests"
Directory: /data/data/com.termux/files/home/dev/Agenda/build/test
"Book.size" start time: Sep 02 12:40 -03
Output:
----------------------------------------------------------
Running main() from /home/builder/.termux-build/googletest/src/googletest/src/gtest_main.cc
Note: Google Test filter = Book.size
[==========] Running 1 test from 1 test suite.
[----------] Global test environment set-up.
[----------] 1 test from Book
[ RUN      ] Book.size
[       OK ] Book.size (0 ms)
[----------] 1 test from Book (0 ms total)

[----------] Global test environment tear-down
[==========] 1 test from 1 test suite ran. (0 ms total)
[  PASSED  ] 1 test.
<end of output>
Test time =   0.01 sec
----------------------------------------------------------
Test Passed.
"Book.size" end time: Sep 02 12:40 -03
"Book.size" time elapsed: 00:00:00
----------------------------------------------------------

11/15 Testing: Book.erase_size
11/15 Test: Book.erase_size
Command: "/data/data/com.termux/files/home/dev/Agenda/build/test/test_datas" "--gtest_filter=Book.erase_size" "--gtest_also_run_disabled_tests"
Directory: /data/data/com.termux/files/home/dev/Agenda/build/test
"Book.erase_size" start time: Sep 02 12:40 -03
Output:
----------------------------------------------------------
Running main() from /home/builder/.termux-build/googletest/src/googletest/src/gtest_main.cc
Note: Google Test filter = Book.erase_size
[==========] Running 1 test from 1 test suite.
[----------] Global test environment set-up.
[----------] 1 test from Book
[ RUN      ] Book.erase_size
[       OK ] Book.erase_size (0 ms)
[----------] 1 test from Book (0 ms total)

[----------] Global test environment tear-down
[==========] 1 test from 1 test suite ran. (0 ms total)
[  PASSED  ] 1 test.
<end of output>
Test time =   0.01 sec
----------------------------------------------------------
Test Passed.
"Book.erase_size" end time: Sep 02 12:40 -03
"Book.erase_size" time elapsed: 00:00:00
----------------------------------------------------------

12/15 Testing: Book.edit
12/15 Test: Book.edit
Command: "/data/data/com.termux/files/home/dev/Agenda/build/test/test_datas" "--gtest_filter=Book.edit" "--gtest_also_run_disabled_tests"
Directory: /data/data/com.termux/files/home/dev/Agenda/build/test
"Book.edit" start time: Sep 02 12:40 -03
Output:
----------------------------------------------------------
Running main() from /home/builder/.termux-build/googletest/src/googletest/src/gtest_main.cc
Note: Google Test filter = Book.edit
[==========] Running 1 test from 1 test suite.
[----------] Global test environment set-up.
[----------] 1 test from Book
[ RUN      ] Book.edit
[       OK ] Book.edit (0 ms)
[----------] 1 test from Book (0 ms total)

[----------] Global test environment tear-down
[==========] 1 test from 1 test suite ran. (0 ms total)
[  PASSED  ] 1 test.
<end of output>
Test time =   0.01 sec
----------------------------------------------------------
Test Passed.
"Book.edit" end time: Sep 02 12:40 -03
"Book.edit" time elapsed: 00:00:00
----------------------------------------------------------

13/15 Testing: Bank.connect
13/15 Test: Bank.connect
Command: "/data/data/com.termux/files/home/dev/Agenda/build/test/test_bank" "--gtest_filter=Bank.connect" "--gtest_also_run_disabled_tests"
Directory: /data/data/com.termux/files/home/dev/Agenda/build/test
"Bank.connect" start time: Sep 02 12:40 -03
Output:
----------------------------------------------------------
Running main() from /home/builder/.termux-build/googletest/src/googletest/src/gtest_main.cc
Note: Google Test filter = Bank.connect
[==========] Running 1 test from 1 test suite.
[----------] Global test environment set-up.
[----------] 1 test from Bank
[ RUN      ] Bank.connect
[       OK ] Bank.connect (15 ms)
[----------] 1 test from Bank (15 ms total)

[----------] Global test environment tear-down
[==========] 1 test from 1 test suite ran. (15 ms total)
[  PASSED  ] 1 test.
<end of output>
Test time =   0.03 sec
----------------------------------------------------------
Test Passed.
"Bank.connect" end time: Sep 02 12:40 -03
"Bank.connect" time elapsed: 00:00:00
----------------------------------------------------------

14/15 Testing: Bank
14/15 Test: Bank
Command: "/data/data/com.termux/files/home/dev/Agenda/build/test/test_bank"
Directory: /data/data/com.termux/files/home/dev/Agenda/build/test
"Bank" start time: Sep 02 12:40 -03
Output:
----------------------------------------------------------
Running main() from /home/builder/.termux-build/googletest/src/googletest/src/gtest_main.cc
[==========] Running 1 test from 1 test suite.
[----------] Global test environment set-up.
[----------] 1 test from Bank
[ RUN      ] Bank.connect
[       OK ] Bank.connect (9 ms)
[----------] 1 test from Bank (9 ms total)

[----------] Global test environment tear-down
[==========] 1 test from 1 test suite ran. (9 ms total)
[  PASSED  ] 1 test.
<end of output>
Test time =   0.02 sec
----------------------------------------------------------
Test Passed.
"Bank" end time: Sep 02 12:40 -03
"Bank" time elapsed: 00:00:00
----------------------------------------------------------

15/15 Testing: Datas
15/15 Test: Datas
Command: "/data/data/com.termux/files/home/dev/Agenda/build/test/test_datas"
Directory: /data/data/com.termux/files/home/dev/Agenda/build/test
"Datas" start time: Sep 02 12:40 -03
Output:
----------------------------------------------------------
Running main() from /home/builder/.termux-build/googletest/src/googletest/src/gtest_main.cc
[==========] Running 12 tests from 3 test suites.
[----------] Global test environment set-up.
[----------] 6 tests from Contacts
[ RUN      ] Contacts.email
[       OK ] Contacts.email (0 ms)
[ RUN      ] Contacts.telephone
[       OK ] Contacts.telephone (0 ms)
[ RUN      ] Contacts.first_name
[       OK ] Contacts.first_name (0 ms)
[ RUN      ] Contacts.no_surname
[       OK ] Contacts.no_surname (0 ms)
[ RUN      ] Contacts.last_name
[       OK ] Contacts.last_name (0 ms)
[ RUN      ] Contacts.full_name
[       OK ] Contacts.full_name (0 ms)
[----------] 6 tests from Contacts (0 ms total)

[----------] 3 tests from Notes
[ RUN      ] Notes.compare
[       OK ] Notes.compare (0 ms)
[ RUN      ] Notes.edit
[       OK ] Notes.edit (0 ms)
[ RUN      ] Notes.find
[       OK ] Notes.find (0 ms)
[----------] 3 tests from Notes (0 ms total)

[----------] 3 tests from Book
[ RUN      ] Book.size
[       OK ] Book.size (0 ms)
[ RUN      ] Book.erase_size
[       OK ] Book.erase_size (0 ms)
[ RUN      ] Book.edit
[       OK ] Book.edit (0 ms)
[----------] 3 tests from Book (0 ms total)

[----------] Global test environment tear-down
[==========] 12 tests from 3 test suites ran. (0 ms total)
[  PASSED  ] 12 tests.
<end of output>
Test time =   0.01 sec
----------------------------------------------------------
Test Passed.
"Datas" end time: Sep 02 12:40 -03
"Datas" time elapsed: 00:00:00
----------------------------------------------------------

End testing: Sep 02 12:40 -03
