<?xml version="1.0" encoding="UTF-8"?>
<Site BuildName="(empty)"
	BuildStamp="20240828-0000-Experimental"
	Name="(empty)"
	Generator="ctest-3.30.2"
	CompilerName=""
	CompilerVersion=""
	OSName="Linux"
	Hostname="rag"
	OSRelease="6.9.12-1-MANJARO"
	OSVersion="#1 SMP PREEMPT_DYNAMIC Sat Jul 27 14:46:06 UTC 2024"
	OSPlatform="x86_64"
	Is64Bits="1"
	VendorString="GenuineIntel"
	VendorID="Intel Corporation"
	FamilyID="6"
	ModelID="142"
	ProcessorCacheSize="8192"
	NumberOfLogicalCPU="8"
	NumberOfPhysicalCPU="4"
	TotalVirtualMemory="0"
	TotalPhysicalMemory="11872"
	LogicalProcessorsPerPhysical="2"
	ProcessorClockFrequency="800.008"
	>
	<Testing>
		<StartDateTime>Aug 27 21:49 -03</StartDateTime>
		<StartTestTime>1724806169</StartTestTime>
		<TestList/>
		<EndDateTime>Aug 27 21:49 -03</EndDateTime>
		<EndTestTime>1724806169</EndTestTime>
		<ElapsedMinutes>0</ElapsedMinutes>
	</Testing>
</Site>
